CRITICAL - 2025-06-11 19:48:52 --> ParseError: syntax error, unexpected token "<", expecting end of file
[Method: GET, Route: setup]
in APPPATH/Views/setup.php on line 2.
 1 SYSTEMPATH/View/View.php(227): CodeIgniter\View\View->{closure:CodeIgniter\View\View::render():221}()
 2 SYSTEMPATH/Common.php(1173): CodeIgniter\View\View->render('setup', [], true)
 3 APPPATH/Controllers/Setup.php(9): view('setup')
 4 SYSTEMPATH/CodeIgniter.php(933): App\Controllers\Setup->setup()
 5 SYSTEMPATH/CodeIgniter.php(507): CodeIgniter\CodeIgniter->runController(Object(App\Controllers\Setup))
 6 SYSTEMPATH/CodeIgniter.php(354): CodeIgniter\CodeIgniter->handleRequest(null, Object(Config\Cache), false)
 7 SYSTEMPATH/Boot.php(334): CodeIgniter\CodeIgniter->run()
 8 SYSTEMPATH/Boot.php(67): CodeIgniter\Boot::runCodeIgniter(Object(CodeIgniter\CodeIgniter))
 9 FCPATH/index.php(59): CodeIgniter\Boot::bootWeb(Object(Config\Paths))
10 SYSTEMPATH/rewrite.php(44): require_once('/Volumes/Nilo_512GB/projects/xScheduler_ci4/public/index.php')
CRITICAL - 2025-06-11 20:08:25 --> ParseError: syntax error, unexpected token "<", expecting end of file
[Method: GET, Route: setup]
in APPPATH/Views/setup.php on line 2.
 1 SYSTEMPATH/View/View.php(227): CodeIgniter\View\View->{closure:CodeIgniter\View\View::render():221}()
 2 SYSTEMPATH/Common.php(1173): CodeIgniter\View\View->render('setup', [], true)
 3 APPPATH/Controllers/Setup.php(9): view('setup')
 4 SYSTEMPATH/CodeIgniter.php(933): App\Controllers\Setup->setup()
 5 SYSTEMPATH/CodeIgniter.php(507): CodeIgniter\CodeIgniter->runController(Object(App\Controllers\Setup))
 6 SYSTEMPATH/CodeIgniter.php(354): CodeIgniter\CodeIgniter->handleRequest(null, Object(Config\Cache), false)
 7 SYSTEMPATH/Boot.php(334): CodeIgniter\CodeIgniter->run()
 8 SYSTEMPATH/Boot.php(67): CodeIgniter\Boot::runCodeIgniter(Object(CodeIgniter\CodeIgniter))
 9 FCPATH/index.php(59): CodeIgniter\Boot::bootWeb(Object(Config\Paths))
10 SYSTEMPATH/rewrite.php(44): require_once('/Volumes/Nilo_512GB/projects/xScheduler_ci4/public/index.php')
CRITICAL - 2025-06-11 20:08:32 --> ParseError: syntax error, unexpected token "<", expecting end of file
[Method: GET, Route: setup]
in APPPATH/Views/setup.php on line 2.
 1 SYSTEMPATH/View/View.php(227): CodeIgniter\View\View->{closure:CodeIgniter\View\View::render():221}()
 2 SYSTEMPATH/Common.php(1173): CodeIgniter\View\View->render('setup', [], true)
 3 APPPATH/Controllers/Setup.php(9): view('setup')
 4 SYSTEMPATH/CodeIgniter.php(933): App\Controllers\Setup->setup()
 5 SYSTEMPATH/CodeIgniter.php(507): CodeIgniter\CodeIgniter->runController(Object(App\Controllers\Setup))
 6 SYSTEMPATH/CodeIgniter.php(354): CodeIgniter\CodeIgniter->handleRequest(null, Object(Config\Cache), false)
 7 SYSTEMPATH/Boot.php(334): CodeIgniter\CodeIgniter->run()
 8 SYSTEMPATH/Boot.php(67): CodeIgniter\Boot::runCodeIgniter(Object(CodeIgniter\CodeIgniter))
 9 FCPATH/index.php(59): CodeIgniter\Boot::bootWeb(Object(Config\Paths))
10 SYSTEMPATH/rewrite.php(44): require_once('/Volumes/Nilo_512GB/projects/xScheduler_ci4/public/index.php')
CRITICAL - 2025-06-11 20:08:42 --> Exception: Vite manifest file not found. Run "npm run build" first.
[Method: GET, Route: setup]
in APPPATH/Helpers/vite_helper.php on line 9.
 1 APPPATH/Helpers/vite_helper.php(47): vite_asset('resources/scss/app.scss')
 2 APPPATH/Views/setup.php(8): vite_css('resources/scss/app.scss')
 3 SYSTEMPATH/View/View.php(224): include('/Volumes/Nilo_512GB/projects/xScheduler_ci4/app/Views/setup.php')
 4 SYSTEMPATH/View/View.php(227): CodeIgniter\View\View->{closure:CodeIgniter\View\View::render():221}()
 5 SYSTEMPATH/Common.php(1173): CodeIgniter\View\View->render('setup', [], true)
 6 APPPATH/Controllers/Setup.php(9): view('setup')
 7 SYSTEMPATH/CodeIgniter.php(933): App\Controllers\Setup->setup()
 8 SYSTEMPATH/CodeIgniter.php(507): CodeIgniter\CodeIgniter->runController(Object(App\Controllers\Setup))
 9 SYSTEMPATH/CodeIgniter.php(354): CodeIgniter\CodeIgniter->handleRequest(null, Object(Config\Cache), false)
10 SYSTEMPATH/Boot.php(334): CodeIgniter\CodeIgniter->run()
11 SYSTEMPATH/Boot.php(67): CodeIgniter\Boot::runCodeIgniter(Object(CodeIgniter\CodeIgniter))
12 FCPATH/index.php(59): CodeIgniter\Boot::bootWeb(Object(Config\Paths))
13 SYSTEMPATH/rewrite.php(44): require_once('/Volumes/Nilo_512GB/projects/xScheduler_ci4/public/index.php')
CRITICAL - 2025-06-11 20:09:01 --> Exception: Vite manifest file not found. Run "npm run build" first.
[Method: GET, Route: setup]
in APPPATH/Helpers/vite_helper.php on line 9.
 1 APPPATH/Helpers/vite_helper.php(47): vite_asset('resources/scss/app.scss')
 2 APPPATH/Views/setup.php(8): vite_css('resources/scss/app.scss')
 3 SYSTEMPATH/View/View.php(224): include('/Volumes/Nilo_512GB/projects/xScheduler_ci4/app/Views/setup.php')
 4 SYSTEMPATH/View/View.php(227): CodeIgniter\View\View->{closure:CodeIgniter\View\View::render():221}()
 5 SYSTEMPATH/Common.php(1173): CodeIgniter\View\View->render('setup', [], true)
 6 APPPATH/Controllers/Setup.php(9): view('setup')
 7 SYSTEMPATH/CodeIgniter.php(933): App\Controllers\Setup->setup()
 8 SYSTEMPATH/CodeIgniter.php(507): CodeIgniter\CodeIgniter->runController(Object(App\Controllers\Setup))
 9 SYSTEMPATH/CodeIgniter.php(354): CodeIgniter\CodeIgniter->handleRequest(null, Object(Config\Cache), false)
10 SYSTEMPATH/Boot.php(334): CodeIgniter\CodeIgniter->run()
11 SYSTEMPATH/Boot.php(67): CodeIgniter\Boot::runCodeIgniter(Object(CodeIgniter\CodeIgniter))
12 FCPATH/index.php(59): CodeIgniter\Boot::bootWeb(Object(Config\Paths))
13 SYSTEMPATH/rewrite.php(44): require_once('/Volumes/Nilo_512GB/projects/xScheduler_ci4/public/index.php')
CRITICAL - 2025-06-11 20:09:03 --> Exception: Vite manifest file not found. Run "npm run build" first.
[Method: GET, Route: setup]
in APPPATH/Helpers/vite_helper.php on line 9.
 1 APPPATH/Helpers/vite_helper.php(47): vite_asset('resources/scss/app.scss')
 2 APPPATH/Views/setup.php(8): vite_css('resources/scss/app.scss')
 3 SYSTEMPATH/View/View.php(224): include('/Volumes/Nilo_512GB/projects/xScheduler_ci4/app/Views/setup.php')
 4 SYSTEMPATH/View/View.php(227): CodeIgniter\View\View->{closure:CodeIgniter\View\View::render():221}()
 5 SYSTEMPATH/Common.php(1173): CodeIgniter\View\View->render('setup', [], true)
 6 APPPATH/Controllers/Setup.php(9): view('setup')
 7 SYSTEMPATH/CodeIgniter.php(933): App\Controllers\Setup->setup()
 8 SYSTEMPATH/CodeIgniter.php(507): CodeIgniter\CodeIgniter->runController(Object(App\Controllers\Setup))
 9 SYSTEMPATH/CodeIgniter.php(354): CodeIgniter\CodeIgniter->handleRequest(null, Object(Config\Cache), false)
10 SYSTEMPATH/Boot.php(334): CodeIgniter\CodeIgniter->run()
11 SYSTEMPATH/Boot.php(67): CodeIgniter\Boot::runCodeIgniter(Object(CodeIgniter\CodeIgniter))
12 FCPATH/index.php(59): CodeIgniter\Boot::bootWeb(Object(Config\Paths))
13 SYSTEMPATH/rewrite.php(44): require_once('/Volumes/Nilo_512GB/projects/xScheduler_ci4/public/index.php')
CRITICAL - 2025-06-11 20:09:42 --> Exception: Vite manifest file not found. Run "npm run build" first.
[Method: GET, Route: setup]
in APPPATH/Helpers/vite_helper.php on line 9.
 1 APPPATH/Helpers/vite_helper.php(47): vite_asset('resources/scss/app.scss')
 2 APPPATH/Views/setup.php(8): vite_css('resources/scss/app.scss')
 3 SYSTEMPATH/View/View.php(224): include('/Volumes/Nilo_512GB/projects/xScheduler_ci4/app/Views/setup.php')
 4 SYSTEMPATH/View/View.php(227): CodeIgniter\View\View->{closure:CodeIgniter\View\View::render():221}()
 5 SYSTEMPATH/Common.php(1173): CodeIgniter\View\View->render('setup', [], true)
 6 APPPATH/Controllers/Setup.php(9): view('setup')
 7 SYSTEMPATH/CodeIgniter.php(933): App\Controllers\Setup->setup()
 8 SYSTEMPATH/CodeIgniter.php(507): CodeIgniter\CodeIgniter->runController(Object(App\Controllers\Setup))
 9 SYSTEMPATH/CodeIgniter.php(354): CodeIgniter\CodeIgniter->handleRequest(null, Object(Config\Cache), false)
10 SYSTEMPATH/Boot.php(334): CodeIgniter\CodeIgniter->run()
11 SYSTEMPATH/Boot.php(67): CodeIgniter\Boot::runCodeIgniter(Object(CodeIgniter\CodeIgniter))
12 FCPATH/index.php(59): CodeIgniter\Boot::bootWeb(Object(Config\Paths))
13 SYSTEMPATH/rewrite.php(44): require_once('/Volumes/Nilo_512GB/projects/xScheduler_ci4/public/index.php')
CRITICAL - 2025-06-11 20:09:56 --> Exception: Vite manifest file not found. Run "npm run build" first.
[Method: GET, Route: setup]
in APPPATH/Helpers/vite_helper.php on line 9.
 1 APPPATH/Helpers/vite_helper.php(47): vite_asset('resources/scss/app.scss')
 2 APPPATH/Views/setup.php(8): vite_css('resources/scss/app.scss')
 3 SYSTEMPATH/View/View.php(224): include('/Volumes/Nilo_512GB/projects/xScheduler_ci4/app/Views/setup.php')
 4 SYSTEMPATH/View/View.php(227): CodeIgniter\View\View->{closure:CodeIgniter\View\View::render():221}()
 5 SYSTEMPATH/Common.php(1173): CodeIgniter\View\View->render('setup', [], true)
 6 APPPATH/Controllers/Setup.php(9): view('setup')
 7 SYSTEMPATH/CodeIgniter.php(933): App\Controllers\Setup->setup()
 8 SYSTEMPATH/CodeIgniter.php(507): CodeIgniter\CodeIgniter->runController(Object(App\Controllers\Setup))
 9 SYSTEMPATH/CodeIgniter.php(354): CodeIgniter\CodeIgniter->handleRequest(null, Object(Config\Cache), false)
10 SYSTEMPATH/Boot.php(334): CodeIgniter\CodeIgniter->run()
11 SYSTEMPATH/Boot.php(67): CodeIgniter\Boot::runCodeIgniter(Object(CodeIgniter\CodeIgniter))
12 FCPATH/index.php(59): CodeIgniter\Boot::bootWeb(Object(Config\Paths))
13 SYSTEMPATH/rewrite.php(44): require_once('/Volumes/Nilo_512GB/projects/xScheduler_ci4/public/index.php')
CRITICAL - 2025-06-11 20:15:10 --> Exception: Vite manifest file not found. Run "npm run build" first.
[Method: GET, Route: setup]
in APPPATH/Helpers/vite_helper.php on line 9.
 1 APPPATH/Helpers/vite_helper.php(47): vite_asset('resources/scss/app.scss')
 2 APPPATH/Views/setup.php(8): vite_css('resources/scss/app.scss')
 3 SYSTEMPATH/View/View.php(224): include('/Volumes/Nilo_512GB/projects/xScheduler_ci4/app/Views/setup.php')
 4 SYSTEMPATH/View/View.php(227): CodeIgniter\View\View->{closure:CodeIgniter\View\View::render():221}()
 5 SYSTEMPATH/Common.php(1173): CodeIgniter\View\View->render('setup', [], true)
 6 APPPATH/Controllers/Setup.php(9): view('setup')
 7 SYSTEMPATH/CodeIgniter.php(933): App\Controllers\Setup->setup()
 8 SYSTEMPATH/CodeIgniter.php(507): CodeIgniter\CodeIgniter->runController(Object(App\Controllers\Setup))
 9 SYSTEMPATH/CodeIgniter.php(354): CodeIgniter\CodeIgniter->handleRequest(null, Object(Config\Cache), false)
10 SYSTEMPATH/Boot.php(334): CodeIgniter\CodeIgniter->run()
11 SYSTEMPATH/Boot.php(67): CodeIgniter\Boot::runCodeIgniter(Object(CodeIgniter\CodeIgniter))
12 FCPATH/index.php(59): CodeIgniter\Boot::bootWeb(Object(Config\Paths))
13 SYSTEMPATH/rewrite.php(44): require_once('/Volumes/Nilo_512GB/projects/xScheduler_ci4/public/index.php')
CRITICAL - 2025-06-11 20:16:38 --> Exception: Vite manifest file not found. Run "npm run build" first.
[Method: GET, Route: setup]
in APPPATH/Helpers/vite_helper.php on line 9.
 1 APPPATH/Helpers/vite_helper.php(47): vite_asset('resources/scss/app.scss')
 2 APPPATH/Views/setup.php(7): vite_css('resources/scss/app.scss')
 3 SYSTEMPATH/View/View.php(224): include('/Volumes/Nilo_512GB/projects/xScheduler_ci4/app/Views/setup.php')
 4 SYSTEMPATH/View/View.php(227): CodeIgniter\View\View->{closure:CodeIgniter\View\View::render():221}()
 5 SYSTEMPATH/Common.php(1173): CodeIgniter\View\View->render('setup', [], true)
 6 APPPATH/Controllers/Setup.php(9): view('setup')
 7 SYSTEMPATH/CodeIgniter.php(933): App\Controllers\Setup->setup()
 8 SYSTEMPATH/CodeIgniter.php(507): CodeIgniter\CodeIgniter->runController(Object(App\Controllers\Setup))
 9 SYSTEMPATH/CodeIgniter.php(354): CodeIgniter\CodeIgniter->handleRequest(null, Object(Config\Cache), false)
10 SYSTEMPATH/Boot.php(334): CodeIgniter\CodeIgniter->run()
11 SYSTEMPATH/Boot.php(67): CodeIgniter\Boot::runCodeIgniter(Object(CodeIgniter\CodeIgniter))
12 FCPATH/index.php(59): CodeIgniter\Boot::bootWeb(Object(Config\Paths))
13 SYSTEMPATH/rewrite.php(44): require_once('/Volumes/Nilo_512GB/projects/xScheduler_ci4/public/index.php')
CRITICAL - 2025-06-11 20:17:20 --> Exception: Vite manifest file not found. Run "npm run build" first.
[Method: GET, Route: setup]
in APPPATH/Helpers/vite_helper.php on line 9.
 1 APPPATH/Helpers/vite_helper.php(47): vite_asset('resources/scss/app.scss')
 2 APPPATH/Views/setup.php(7): vite_css('resources/scss/app.scss')
 3 SYSTEMPATH/View/View.php(224): include('/Volumes/Nilo_512GB/projects/xScheduler_ci4/app/Views/setup.php')
 4 SYSTEMPATH/View/View.php(227): CodeIgniter\View\View->{closure:CodeIgniter\View\View::render():221}()
 5 SYSTEMPATH/Common.php(1173): CodeIgniter\View\View->render('setup', [], true)
 6 APPPATH/Controllers/Setup.php(9): view('setup')
 7 SYSTEMPATH/CodeIgniter.php(933): App\Controllers\Setup->setup()
 8 SYSTEMPATH/CodeIgniter.php(507): CodeIgniter\CodeIgniter->runController(Object(App\Controllers\Setup))
 9 SYSTEMPATH/CodeIgniter.php(354): CodeIgniter\CodeIgniter->handleRequest(null, Object(Config\Cache), false)
10 SYSTEMPATH/Boot.php(334): CodeIgniter\CodeIgniter->run()
11 SYSTEMPATH/Boot.php(67): CodeIgniter\Boot::runCodeIgniter(Object(CodeIgniter\CodeIgniter))
12 FCPATH/index.php(59): CodeIgniter\Boot::bootWeb(Object(Config\Paths))
13 SYSTEMPATH/rewrite.php(44): require_once('/Volumes/Nilo_512GB/projects/xScheduler_ci4/public/index.php')
CRITICAL - 2025-06-11 20:18:12 --> Exception: Vite manifest file not found. Run "npm run build" first.
[Method: GET, Route: setup]
in APPPATH/Helpers/vite_helper.php on line 9.
 1 APPPATH/Helpers/vite_helper.php(47): vite_asset('resources/scss/app.scss')
 2 APPPATH/Views/setup.php(8): vite_css('resources/scss/app.scss')
 3 SYSTEMPATH/View/View.php(224): include('/Volumes/Nilo_512GB/projects/xScheduler_ci4/app/Views/setup.php')
 4 SYSTEMPATH/View/View.php(227): CodeIgniter\View\View->{closure:CodeIgniter\View\View::render():221}()
 5 SYSTEMPATH/Common.php(1173): CodeIgniter\View\View->render('setup', [], true)
 6 APPPATH/Controllers/Setup.php(9): view('setup')
 7 SYSTEMPATH/CodeIgniter.php(933): App\Controllers\Setup->setup()
 8 SYSTEMPATH/CodeIgniter.php(507): CodeIgniter\CodeIgniter->runController(Object(App\Controllers\Setup))
 9 SYSTEMPATH/CodeIgniter.php(354): CodeIgniter\CodeIgniter->handleRequest(null, Object(Config\Cache), false)
10 SYSTEMPATH/Boot.php(334): CodeIgniter\CodeIgniter->run()
11 SYSTEMPATH/Boot.php(67): CodeIgniter\Boot::runCodeIgniter(Object(CodeIgniter\CodeIgniter))
12 FCPATH/index.php(59): CodeIgniter\Boot::bootWeb(Object(Config\Paths))
13 SYSTEMPATH/rewrite.php(44): require_once('/Volumes/Nilo_512GB/projects/xScheduler_ci4/public/index.php')
CRITICAL - 2025-06-11 20:19:08 --> Exception: Vite manifest file not found. Run "npm run build" first.
[Method: GET, Route: setup]
in APPPATH/Helpers/vite_helper.php on line 9.
 1 APPPATH/Helpers/vite_helper.php(47): vite_asset('resources/scss/app.scss')
 2 APPPATH/Views/setup.php(8): vite_css('resources/scss/app.scss')
 3 SYSTEMPATH/View/View.php(224): include('/Volumes/Nilo_512GB/projects/xScheduler_ci4/app/Views/setup.php')
 4 SYSTEMPATH/View/View.php(227): CodeIgniter\View\View->{closure:CodeIgniter\View\View::render():221}()
 5 SYSTEMPATH/Common.php(1173): CodeIgniter\View\View->render('setup', [], true)
 6 APPPATH/Controllers/Setup.php(9): view('setup')
 7 SYSTEMPATH/CodeIgniter.php(933): App\Controllers\Setup->setup()
 8 SYSTEMPATH/CodeIgniter.php(507): CodeIgniter\CodeIgniter->runController(Object(App\Controllers\Setup))
 9 SYSTEMPATH/CodeIgniter.php(354): CodeIgniter\CodeIgniter->handleRequest(null, Object(Config\Cache), false)
10 SYSTEMPATH/Boot.php(334): CodeIgniter\CodeIgniter->run()
11 SYSTEMPATH/Boot.php(67): CodeIgniter\Boot::runCodeIgniter(Object(CodeIgniter\CodeIgniter))
12 FCPATH/index.php(59): CodeIgniter\Boot::bootWeb(Object(Config\Paths))
13 SYSTEMPATH/rewrite.php(44): require_once('/Volumes/Nilo_512GB/projects/xScheduler_ci4/public/index.php')
CRITICAL - 2025-06-11 20:19:23 --> Exception: Vite manifest file not found. Run "npm run build" first.
[Method: GET, Route: setup]
in APPPATH/Helpers/vite_helper.php on line 9.
 1 APPPATH/Helpers/vite_helper.php(47): vite_asset('resources/scss/app.scss')
 2 APPPATH/Views/setup.php(8): vite_css('resources/scss/app.scss')
 3 SYSTEMPATH/View/View.php(224): include('/Volumes/Nilo_512GB/projects/xScheduler_ci4/app/Views/setup.php')
 4 SYSTEMPATH/View/View.php(227): CodeIgniter\View\View->{closure:CodeIgniter\View\View::render():221}()
 5 SYSTEMPATH/Common.php(1173): CodeIgniter\View\View->render('setup', [], true)
 6 APPPATH/Controllers/Setup.php(9): view('setup')
 7 SYSTEMPATH/CodeIgniter.php(933): App\Controllers\Setup->setup()
 8 SYSTEMPATH/CodeIgniter.php(507): CodeIgniter\CodeIgniter->runController(Object(App\Controllers\Setup))
 9 SYSTEMPATH/CodeIgniter.php(354): CodeIgniter\CodeIgniter->handleRequest(null, Object(Config\Cache), false)
10 SYSTEMPATH/Boot.php(334): CodeIgniter\CodeIgniter->run()
11 SYSTEMPATH/Boot.php(67): CodeIgniter\Boot::runCodeIgniter(Object(CodeIgniter\CodeIgniter))
12 FCPATH/index.php(59): CodeIgniter\Boot::bootWeb(Object(Config\Paths))
13 SYSTEMPATH/rewrite.php(44): require_once('/Volumes/Nilo_512GB/projects/xScheduler_ci4/public/index.php')
CRITICAL - 2025-06-11 20:19:35 --> Exception: Vite manifest file not found. Run "npm run build" first.
[Method: GET, Route: setup]
in APPPATH/Helpers/vite_helper.php on line 9.
 1 APPPATH/Helpers/vite_helper.php(47): vite_asset('resources/scss/app.scss')
 2 APPPATH/Views/setup.php(8): vite_css('resources/scss/app.scss')
 3 SYSTEMPATH/View/View.php(224): include('/Volumes/Nilo_512GB/projects/xScheduler_ci4/app/Views/setup.php')
 4 SYSTEMPATH/View/View.php(227): CodeIgniter\View\View->{closure:CodeIgniter\View\View::render():221}()
 5 SYSTEMPATH/Common.php(1173): CodeIgniter\View\View->render('setup', [], true)
 6 APPPATH/Controllers/Setup.php(9): view('setup')
 7 SYSTEMPATH/CodeIgniter.php(933): App\Controllers\Setup->setup()
 8 SYSTEMPATH/CodeIgniter.php(507): CodeIgniter\CodeIgniter->runController(Object(App\Controllers\Setup))
 9 SYSTEMPATH/CodeIgniter.php(354): CodeIgniter\CodeIgniter->handleRequest(null, Object(Config\Cache), false)
10 SYSTEMPATH/Boot.php(334): CodeIgniter\CodeIgniter->run()
11 SYSTEMPATH/Boot.php(67): CodeIgniter\Boot::runCodeIgniter(Object(CodeIgniter\CodeIgniter))
12 FCPATH/index.php(59): CodeIgniter\Boot::bootWeb(Object(Config\Paths))
13 SYSTEMPATH/rewrite.php(44): require_once('/Volumes/Nilo_512GB/projects/xScheduler_ci4/public/index.php')
CRITICAL - 2025-06-11 20:21:09 --> Exception: Vite manifest file not found. Run "npm run build" first.
[Method: GET, Route: setup]
in APPPATH/Helpers/vite_helper.php on line 9.
 1 APPPATH/Helpers/vite_helper.php(47): vite_asset('resources/scss/app.scss')
 2 APPPATH/Views/setup.php(7): vite_css('resources/scss/app.scss')
 3 SYSTEMPATH/View/View.php(224): include('/Volumes/Nilo_512GB/projects/xScheduler_ci4/app/Views/setup.php')
 4 SYSTEMPATH/View/View.php(227): CodeIgniter\View\View->{closure:CodeIgniter\View\View::render():221}()
 5 SYSTEMPATH/Common.php(1173): CodeIgniter\View\View->render('setup', [], true)
 6 APPPATH/Controllers/Setup.php(9): view('setup')
 7 SYSTEMPATH/CodeIgniter.php(933): App\Controllers\Setup->setup()
 8 SYSTEMPATH/CodeIgniter.php(507): CodeIgniter\CodeIgniter->runController(Object(App\Controllers\Setup))
 9 SYSTEMPATH/CodeIgniter.php(354): CodeIgniter\CodeIgniter->handleRequest(null, Object(Config\Cache), false)
10 SYSTEMPATH/Boot.php(334): CodeIgniter\CodeIgniter->run()
11 SYSTEMPATH/Boot.php(67): CodeIgniter\Boot::runCodeIgniter(Object(CodeIgniter\CodeIgniter))
12 FCPATH/index.php(59): CodeIgniter\Boot::bootWeb(Object(Config\Paths))
13 SYSTEMPATH/rewrite.php(44): require_once('/Volumes/Nilo_512GB/projects/xScheduler_ci4/public/index.php')
CRITICAL - 2025-06-11 20:32:55 --> ErrorException: Undefined variable $cssFiles
[Method: GET, Route: setup]
in APPPATH/Views/setup.php on line 8.
 1 APPPATH/Views/setup.php(8): CodeIgniter\Debug\Exceptions->errorHandler(2, 'Undefined variable $cssFiles', '/Volumes/Nilo_512GB/projects/xScheduler_ci4/app/Views/setup.php', 8)
 2 SYSTEMPATH/View/View.php(224): include('/Volumes/Nilo_512GB/projects/xScheduler_ci4/app/Views/setup.php')
 3 SYSTEMPATH/View/View.php(227): CodeIgniter\View\View->{closure:CodeIgniter\View\View::render():221}()
 4 SYSTEMPATH/Common.php(1173): CodeIgniter\View\View->render('setup', [], true)
 5 APPPATH/Controllers/Setup.php(9): view('setup')
 6 SYSTEMPATH/CodeIgniter.php(933): App\Controllers\Setup->setup()
 7 SYSTEMPATH/CodeIgniter.php(507): CodeIgniter\CodeIgniter->runController(Object(App\Controllers\Setup))
 8 SYSTEMPATH/CodeIgniter.php(354): CodeIgniter\CodeIgniter->handleRequest(null, Object(Config\Cache), false)
 9 SYSTEMPATH/Boot.php(334): CodeIgniter\CodeIgniter->run()
10 SYSTEMPATH/Boot.php(67): CodeIgniter\Boot::runCodeIgniter(Object(CodeIgniter\CodeIgniter))
11 FCPATH/index.php(59): CodeIgniter\Boot::bootWeb(Object(Config\Paths))
12 SYSTEMPATH/rewrite.php(44): require_once('/Volumes/Nilo_512GB/projects/xScheduler_ci4/public/index.php')
